#
# There is insufficient memory for the Java Runtime Environment to continue.
# Native memory allocation (malloc) failed to allocate 2297296 bytes for Chunk::new
# Possible reasons:
#   The system is out of physical RAM or swap space
#   In 32 bit mode, the process size limit was hit
# Possible solutions:
#   Reduce memory load on the system
#   Increase physical memory or swap space
#   Check if swap backing store is full
#   Use 64 bit Java on a 64 bit OS
#   Decrease Java heap size (-Xmx/-Xms)
#   Decrease number of Java threads
#   Decrease Java thread stack sizes (-Xss)
#   Set larger code cache with -XX:ReservedCodeCacheSize=
# This output file may be truncated or incomplete.
#
#  Out of Memory Error (allocation.cpp:390), pid=10144, tid=0x0000000000004730
#
# JRE version: Java(TM) SE Runtime Environment (8.0_161-b12) (build 1.8.0_161-b12)
# Java VM: Java HotSpot(TM) 64-Bit Server VM (25.161-b12 mixed mode windows-amd64 compressed oops)
# Failed to write core dump. Minidumps are not enabled by default on client versions of Windows
#

---------------  T H R E A D  ---------------

Current thread (0x0000000020151000):  JavaThread "C2 CompilerThread0" daemon [_thread_in_native, id=18224, stack(0x0000000020820000,0x0000000020920000)]

Stack: [0x0000000020820000,0x0000000020920000]
[error occurred during error reporting (printing stack bounds), id 0xc0000005]

Native frames: (J=compiled Java code, j=interpreted, Vv=VM code, C=native code)


Current CompileTask:
C2:4658909 37163 %     4       com.android.tools.r8.ir.regalloc.LinearScanRegisterAllocator::a @ 2072 (3743 bytes)


---------------  P R O C E S S  ---------------

Java Threads: ( => current thread )
  0x00000000374eb000 JavaThread "WorkerExecutor Queue Thread 13" [_thread_blocked, id=19484, stack(0x000000003c520000,0x000000003c620000)]
  0x00000000374e6800 JavaThread "ForkJoinPool.commonPool-worker-4" daemon [_thread_blocked, id=20304, stack(0x000000003f6d0000,0x000000003f7d0000)]
  0x00000000374e2800 JavaThread "ForkJoinPool.commonPool-worker-3" daemon [_thread_blocked, id=29892, stack(0x000000003f5d0000,0x000000003f6d0000)]
  0x00000000374e4800 JavaThread "ForkJoinPool.commonPool-worker-2" daemon [_thread_blocked, id=24008, stack(0x000000003f4d0000,0x000000003f5d0000)]
  0x00000000374e6000 JavaThread "ForkJoinPool.commonPool-worker-1" daemon [_thread_blocked, id=25836, stack(0x000000003f3d0000,0x000000003f4d0000)]
  0x00000000374e8000 JavaThread "ForkJoinPool.commonPool-worker-7" daemon [_thread_blocked, id=10412, stack(0x000000003f1d0000,0x000000003f2d0000)]
  0x0000000022b78800 JavaThread "WorkerExecutor Queue Thread 12" [_thread_blocked, id=28732, stack(0x000000003f0d0000,0x000000003f1d0000)]
  0x0000000037786000 JavaThread "stdout" [_thread_in_native, id=30448, stack(0x000000003efd0000,0x000000003f0d0000)]
  0x0000000037777800 JavaThread "stderr" [_thread_in_native, id=20288, stack(0x000000003eed0000,0x000000003efd0000)]
  0x00000000257ea000 JavaThread "stdout" [_thread_in_native, id=17492, stack(0x000000003edd0000,0x000000003eed0000)]
  0x00000000257e9000 JavaThread "stderr" [_thread_in_native, id=27068, stack(0x000000003ecd0000,0x000000003edd0000)]
  0x00000000257ed000 JavaThread "stdout" [_thread_in_native, id=26704, stack(0x000000003e920000,0x000000003ea20000)]
  0x00000000257ec000 JavaThread "stderr" [_thread_in_native, id=9872, stack(0x000000003e820000,0x000000003e920000)]
  0x00000000257eb800 JavaThread "stdout" [_thread_in_native, id=2836, stack(0x000000003ebd0000,0x000000003ecd0000)]
  0x00000000257e7800 JavaThread "stderr" [_thread_in_native, id=22724, stack(0x000000003ead0000,0x000000003ebd0000)]
  0x00000000257ea800 JavaThread "stdout" [_thread_in_native, id=1764, stack(0x000000003e5f0000,0x000000003e6f0000)]
  0x00000000257e8800 JavaThread "stderr" [_thread_in_native, id=15476, stack(0x000000003e150000,0x000000003e250000)]
  0x00000000257e7000 JavaThread "stdout" [_thread_in_native, id=2600, stack(0x000000003e720000,0x000000003e820000)]
  0x00000000257ed800 JavaThread "stderr" [_thread_in_native, id=11748, stack(0x000000003e2f0000,0x000000003e3f0000)]
  0x00000000257e6000 JavaThread "stdout" [_thread_in_native, id=19860, stack(0x000000003e4f0000,0x000000003e5f0000)]
  0x00000000257de800 JavaThread "stderr" [_thread_in_native, id=28576, stack(0x000000003e3f0000,0x000000003e4f0000)]
  0x00000000257e5800 JavaThread "stdout" [_thread_in_native, id=29332, stack(0x000000003e050000,0x000000003e150000)]
  0x00000000257de000 JavaThread "stderr" [_thread_in_native, id=2884, stack(0x000000003df50000,0x000000003e050000)]
  0x00000000257e4000 JavaThread "pool-27-thread-1" [_thread_blocked, id=16420, stack(0x000000003be40000,0x000000003bf40000)]
  0x00000000257e3000 JavaThread "Exec process Thread 6" [_thread_blocked, id=21632, stack(0x000000003de50000,0x000000003df50000)]
  0x00000000257e2800 JavaThread "Exec process Thread 5" [_thread_blocked, id=23568, stack(0x000000003dd50000,0x000000003de50000)]
  0x00000000257d4000 JavaThread "Exec process Thread 4" [_thread_blocked, id=29216, stack(0x000000003dc50000,0x000000003dd50000)]
  0x00000000257d8000 JavaThread "WorkerExecutor Queue Thread 10" [_thread_blocked, id=15480, stack(0x000000003c220000,0x000000003c320000)]
  0x00000000257cf000 JavaThread "Cache worker for Java compile cache (F:\NewIM\qihang\.gradle\6.5.1\javaCompile)" [_thread_blocked, id=20776, stack(0x000000003bd40000,0x000000003be40000)]
  0x00000000257d3800 JavaThread "WorkerExecutor Queue Thread 7" [_thread_blocked, id=19608, stack(0x000000003b0b0000,0x000000003b1b0000)]
  0x0000000021730800 JavaThread "WorkerExecutor Queue Thread 6" [_thread_blocked, id=3604, stack(0x000000003bc40000,0x000000003bd40000)]
  0x00000000336c4000 JavaThread "WorkerExecutor Queue Thread 3" [_thread_in_native, id=21400, stack(0x000000003b380000,0x000000003b480000)]
  0x00000000336c0800 JavaThread "WorkerExecutor Queue Thread 2" [_thread_blocked, id=12128, stack(0x000000003afb0000,0x000000003b0b0000)]
  0x00000000336c1000 JavaThread "WorkerExecutor Queue" [_thread_blocked, id=15980, stack(0x000000003aeb0000,0x000000003afb0000)]
  0x0000000021882000 JavaThread "Cache worker for execution history cache (F:\NewIM\qihang\.gradle\6.5.1\executionHistory)" [_thread_blocked, id=11060, stack(0x0000000039820000,0x0000000039920000)]
  0x0000000021883000 JavaThread "Execution worker for ':' Thread 7" [_thread_blocked, id=27812, stack(0x0000000039720000,0x0000000039820000)]
  0x0000000021880800 JavaThread "Execution worker for ':' Thread 6" [_thread_blocked, id=23720, stack(0x0000000039620000,0x0000000039720000)]
  0x0000000021880000 JavaThread "Execution worker for ':' Thread 5" [_thread_blocked, id=11644, stack(0x0000000039240000,0x0000000039340000)]
  0x000000002187f000 JavaThread "Execution worker for ':' Thread 4" [_thread_blocked, id=11184, stack(0x0000000034d20000,0x0000000034e20000)]
  0x000000002187e800 JavaThread "Execution worker for ':' Thread 3" [_thread_blocked, id=24940, stack(0x0000000034780000,0x0000000034880000)]
  0x000000002187d800 JavaThread "Execution worker for ':' Thread 2" [_thread_blocked, id=21140, stack(0x0000000032da0000,0x0000000032ea0000)]
  0x0000000021881800 JavaThread "Execution worker for ':'" [_thread_blocked, id=18320, stack(0x0000000032a10000,0x0000000032b10000)]
  0x0000000021876000 JavaThread "Cache worker for file content cache (F:\NewIM\qihang\.gradle\6.5.1\fileContent)" [_thread_blocked, id=15712, stack(0x0000000031ca0000,0x0000000031da0000)]
  0x0000000021877000 JavaThread "Cache worker for Build Output Cleanup Cache (F:\NewIM\qihang\.gradle\buildOutputCleanup)" [_thread_blocked, id=21932, stack(0x00000000317a0000,0x00000000318a0000)]
  0x000000002187a000 JavaThread "Build operations Thread 8" [_thread_blocked, id=10740, stack(0x00000000278b0000,0x00000000279b0000)]
  0x0000000021877800 JavaThread "Build operations Thread 7" [_thread_blocked, id=27980, stack(0x00000000277b0000,0x00000000278b0000)]
  0x0000000021874800 JavaThread "Build operations Thread 6" [_thread_blocked, id=1076, stack(0x00000000276b0000,0x00000000277b0000)]
  0x0000000026846000 JavaThread "Build operations Thread 5" [_thread_blocked, id=8516, stack(0x00000000275b0000,0x00000000276b0000)]
  0x0000000026845800 JavaThread "Build operations Thread 4" [_thread_blocked, id=6576, stack(0x00000000274b0000,0x00000000275b0000)]
  0x0000000026849000 JavaThread "Build operations Thread 3" [_thread_blocked, id=9192, stack(0x00000000273b0000,0x00000000274b0000)]
  0x0000000026848800 JavaThread "Build operations Thread 2" [_thread_blocked, id=22464, stack(0x0000000026270000,0x0000000026370000)]
  0x0000000026847000 JavaThread "Build operations" [_thread_blocked, id=8592, stack(0x0000000026170000,0x0000000026270000)]
  0x000000002683b000 JavaThread "Cache worker for cache directory md-rule (C:\Users\çŽ‹æœé˜³\.gradle\caches\6.5.1\md-rule)" [_thread_blocked, id=17628, stack(0x0000000024b70000,0x0000000024c70000)]
  0x000000002683f800 JavaThread "Cache worker for cache directory md-supplier (C:\Users\çŽ‹æœé˜³\.gradle\caches\6.5.1\md-supplier)" [_thread_blocked, id=15640, stack(0x0000000024670000,0x0000000024770000)]
  0x0000000026841800 JavaThread "Cache worker for checksums cache (F:\NewIM\qihang\.gradle\checksums)" [_thread_blocked, id=29404, stack(0x0000000024570000,0x0000000024670000)]
  0x000000002683a000 JavaThread "Cache worker for file hash cache (F:\NewIM\qihang\.gradle\6.5.1\fileHashes)" [_thread_blocked, id=21836, stack(0x0000000024470000,0x0000000024570000)]
  0x000000002683d000 JavaThread "Thread-613" [_thread_blocked, id=22252, stack(0x0000000024370000,0x0000000024470000)]
  0x0000000026840000 JavaThread "Stdin handler" [_thread_blocked, id=29136, stack(0x0000000023f70000,0x0000000024070000)]
  0x000000002683e800 JavaThread "Asynchronous log dispatcher for DefaultDaemonConnection: socket connection from /127.0.0.1:54349 to /127.0.0.1:49580" [_thread_blocked, id=17840, stack(0x00000000239c0000,0x0000000023ac0000)]
  0x000000002683e000 JavaThread "Cancel handler" [_thread_blocked, id=28068, stack(0x0000000001480000,0x0000000001580000)]
  0x000000002683c800 JavaThread "Handler for socket connection from /127.0.0.1:54349 to /127.0.0.1:49580" [_thread_in_native, id=16312, stack(0x0000000001380000,0x0000000001480000)]
  0x0000000026844800 JavaThread "RMI TCP Connection(idle)" daemon [_thread_blocked, id=5920, stack(0x000000003a7b0000,0x000000003a8b0000)]
  0x0000000026844000 JavaThread "RMI Reaper" [_thread_blocked, id=1936, stack(0x000000003a1b0000,0x000000003a2b0000)]
  0x0000000026843000 JavaThread "RMI TCP Accept-0" daemon [_thread_in_native, id=24548, stack(0x0000000039c20000,0x0000000039d20000)]
  0x0000000026847800 JavaThread "GC Daemon" daemon [_thread_blocked, id=23764, stack(0x0000000039b20000,0x0000000039c20000)]
  0x000000002683b800 JavaThread "RMI RenewClean-[127.0.0.1:17203,org.jetbrains.kotlin.daemon.common.LoopbackNetworkInterface$ClientLoopbackSocketFactory@3143e400]" daemon [_thread_blocked, id=3620, stack(0x0000000039a20000,0x0000000039b20000)]
  0x0000000026842800 JavaThread "RMI Scheduler(0)" daemon [_thread_blocked, id=3996, stack(0x0000000039920000,0x0000000039a20000)]
  0x0000000022b77800 JavaThread "jar transforms Thread 424" [_thread_blocked, id=24088, stack(0x00000000316a0000,0x00000000317a0000)]
  0x0000000022b76000 JavaThread "jar transforms Thread 423" [_thread_blocked, id=29948, stack(0x00000000315a0000,0x00000000316a0000)]
  0x0000000022b74800 JavaThread "jar transforms Thread 422" [_thread_blocked, id=10128, stack(0x00000000314a0000,0x00000000315a0000)]
  0x0000000022b74000 JavaThread "jar transforms Thread 421" [_thread_blocked, id=15676, stack(0x00000000313a0000,0x00000000314a0000)]
  0x0000000022b79000 JavaThread "jar transforms Thread 420" [_thread_blocked, id=17104, stack(0x00000000312a0000,0x00000000313a0000)]
  0x0000000022b73000 JavaThread "jar transforms Thread 419" [_thread_blocked, id=22948, stack(0x00000000311a0000,0x00000000312a0000)]
  0x0000000037782000 JavaThread "jar transforms Thread 418" [_thread_blocked, id=15068, stack(0x00000000310a0000,0x00000000311a0000)]
  0x0000000037786800 JavaThread "jar transforms Thread 417" [_thread_blocked, id=21328, stack(0x0000000030fa0000,0x00000000310a0000)]
  0x0000000037781800 JavaThread "jar transforms Thread 416" [_thread_blocked, id=28452, stack(0x0000000030ea0000,0x0000000030fa0000)]
  0x0000000037780000 JavaThread "jar transforms Thread 415" [_thread_blocked, id=3792, stack(0x0000000030da0000,0x0000000030ea0000)]
  0x0000000037785000 JavaThread "jar transforms Thread 414" [_thread_blocked, id=26880, stack(0x0000000030ca0000,0x0000000030da0000)]
  0x0000000037784800 JavaThread "jar transforms Thread 413" [_thread_blocked, id=14728, stack(0x0000000030ba0000,0x0000000030ca0000)]
  0x0000000037783000 JavaThread "jar transforms Thread 412" [_thread_blocked, id=12984, stack(0x0000000030aa0000,0x0000000030ba0000)]
  0x0000000037783800 JavaThread "jar transforms Thread 411" [_thread_blocked, id=21768, stack(0x00000000309a0000,0x0000000030aa0000)]
  0x0000000037778800 JavaThread "jar transforms Thread 410" [_thread_blocked, id=25596, stack(0x00000000308a0000,0x00000000309a0000)]
  0x000000003777a800 JavaThread "jar transforms Thread 409" [_thread_blocked, id=18256, stack(0x00000000307a0000,0x00000000308a0000)]
  0x0000000037779000 JavaThread "jar transforms Thread 408" [_thread_blocked, id=24908, stack(0x00000000306a0000,0x00000000307a0000)]
  0x000000003777f000 JavaThread "jar transforms Thread 407" [_thread_blocked, id=21508, stack(0x00000000305a0000,0x00000000306a0000)]
  0x000000003777e800 JavaThread "jar transforms Thread 406" [_thread_blocked, id=15220, stack(0x00000000304a0000,0x00000000305a0000)]
  0x000000003777d800 JavaThread "jar transforms Thread 405" [_thread_blocked, id=28900, stack(0x00000000303a0000,0x00000000304a0000)]
  0x000000003777d000 JavaThread "jar transforms Thread 404" [_thread_blocked, id=30480, stack(0x00000000302a0000,0x00000000303a0000)]
  0x000000003777a000 JavaThread "jar transforms Thread 403" [_thread_blocked, id=23576, stack(0x00000000301a0000,0x00000000302a0000)]
  0x000000002173e800 JavaThread "jar transforms Thread 402" [_thread_blocked, id=12540, stack(0x00000000300a0000,0x00000000301a0000)]
  0x000000002173a000 JavaThread "jar transforms Thread 401" [_thread_blocked, id=8212, stack(0x000000002ffa0000,0x00000000300a0000)]
  0x000000002173e000 JavaThread "jar transforms Thread 400" [_thread_blocked, id=13888, stack(0x000000002fea0000,0x000000002ffa0000)]
  0x0000000021738800 JavaThread "jar transforms Thread 399" [_thread_blocked, id=28780, stack(0x000000002fda0000,0x000000002fea0000)]
  0x000000002173d000 JavaThread "jar transforms Thread 398" [_thread_blocked, id=7628, stack(0x000000002fca0000,0x000000002fda0000)]
  0x000000002173f800 JavaThread "jar transforms Thread 397" [_thread_blocked, id=22664, stack(0x000000002fba0000,0x000000002fca0000)]
  0x0000000021735800 JavaThread "jar transforms Thread 396" [_thread_blocked, id=29532, stack(0x000000002faa0000,0x000000002fba0000)]
  0x000000002173c800 JavaThread "jar transforms Thread 395" [_thread_blocked, id=17116, stack(0x000000002f9a0000,0x000000002faa0000)]
  0x000000002173b800 JavaThread "jar transforms Thread 394" [_thread_blocked, id=29268, stack(0x000000002f8a0000,0x000000002f9a0000)]
  0x0000000021739800 JavaThread "jar transforms Thread 393" [_thread_blocked, id=29780, stack(0x000000002f7a0000,0x000000002f8a0000)]
  0x000000002173b000 JavaThread "jar transforms Thread 392" [_thread_blocked, id=4836, stack(0x000000002f6a0000,0x000000002f7a0000)]
  0x0000000021732800 JavaThread "jar transforms Thread 391" [_thread_blocked, id=23944, stack(0x000000002f5a0000,0x000000002f6a0000)]
  0x0000000021731000 JavaThread "jar transforms Thread 390" [_thread_blocked, id=24296, stack(0x000000002f4a0000,0x000000002f5a0000)]
  0x0000000021738000 JavaThread "jar transforms Thread 389" [_thread_blocked, id=16992, stack(0x000000002f3a0000,0x000000002f4a0000)]
  0x0000000021735000 JavaThread "jar transforms Thread 388" [_thread_blocked, id=5124, stack(0x000000002f2a0000,0x000000002f3a0000)]
  0x0000000021734000 JavaThread "jar transforms Thread 387" [_thread_blocked, id=23356, stack(0x000000002f1a0000,0x000000002f2a0000)]
  0x0000000021736800 JavaThread "jar transforms Thread 386" [_thread_blocked, id=8696, stack(0x000000002f0a0000,0x000000002f1a0000)]
  0x0000000021732000 JavaThread "jar transforms Thread 385" [_thread_blocked, id=29164, stack(0x000000002efa0000,0x000000002f0a0000)]
  0x0000000022e4e800 JavaThread "jar transforms Thread 384" [_thread_blocked, id=22232, stack(0x000000002eea0000,0x000000002efa0000)]
  0x0000000022e4c800 JavaThread "jar transforms Thread 383" [_thread_blocked, id=29000, stack(0x000000002eda0000,0x000000002eea0000)]
  0x0000000022e4e000 JavaThread "jar transforms Thread 382" [_thread_blocked, id=17632, stack(0x000000002eca0000,0x000000002eda0000)]
  0x0000000022e4b800 JavaThread "jar transforms Thread 381" [_thread_blocked, id=21756, stack(0x000000002eba0000,0x000000002eca0000)]
  0x0000000022e4b000 JavaThread "jar transforms Thread 380" [_thread_blocked, id=13208, stack(0x000000002eaa0000,0x000000002eba0000)]
  0x0000000022e42800 JavaThread "jar transforms Thread 379" [_thread_blocked, id=12784, stack(0x000000002e9a0000,0x000000002eaa0000)]
  0x0000000022e48800 JavaThread "jar transforms Thread 378" [_thread_blocked, id=21648, stack(0x000000002e8a0000,0x000000002e9a0000)]
  0x0000000022e48000 JavaThread "jar transforms Thread 377" [_thread_blocked, id=23472, stack(0x000000002e7a0000,0x000000002e8a0000)]
  0x0000000022e47000 JavaThread "jar transforms Thread 376" [_thread_blocked, id=16040, stack(0x000000002e6a0000,0x000000002e7a0000)]
  0x0000000022e43800 JavaThread "jar transforms Thread 375" [_thread_blocked, id=27556, stack(0x000000002e5a0000,0x000000002e6a0000)]
  0x0000000022e41000 JavaThread "jar transforms Thread 374" [_thread_blocked, id=10176, stack(0x000000002e4a0000,0x000000002e5a0000)]
  0x0000000022e40800 JavaThread "jar transforms Thread 373" [_thread_blocked, id=12132, stack(0x000000002e3a0000,0x000000002e4a0000)]
  0x0000000022e45800 JavaThread "jar transforms Thread 372" [_thread_blocked, id=16580, stack(0x000000002e2a0000,0x000000002e3a0000)]
  0x0000000022e45000 JavaThread "jar transforms Thread 371" [_thread_blocked, id=16844, stack(0x000000002e1a0000,0x000000002e2a0000)]
  0x0000000022e46800 JavaThread "jar transforms Thread 370" [_thread_blocked, id=10652, stack(0x000000002e0a0000,0x000000002e1a0000)]
  0x0000000022e42000 JavaThread "jar transforms Thread 369" [_thread_blocked, id=8848, stack(0x000000002dfa0000,0x000000002e0a0000)]
  0x0000000022e3f800 JavaThread "jar transforms Thread 368" [_thread_blocked, id=7236, stack(0x000000002dea0000,0x000000002dfa0000)]
  0x0000000022e44000 JavaThread "jar transforms Thread 367" [_thread_blocked, id=23652, stack(0x000000002dda0000,0x000000002dea0000)]
  0x0000000021863000 JavaThread "jar transforms Thread 366" [_thread_blocked, id=10624, stack(0x000000002dca0000,0x000000002dda0000)]
  0x0000000021860800 JavaThread "jar transforms Thread 365" [_thread_blocked, id=17336, stack(0x000000002dba0000,0x000000002dca0000)]
  0x0000000021860000 JavaThread "jar transforms Thread 364" [_thread_blocked, id=25460, stack(0x000000002daa0000,0x000000002dba0000)]
  0x0000000021862000 JavaThread "jar transforms Thread 363" [_thread_blocked, id=18952, stack(0x000000002d9a0000,0x000000002daa0000)]
  0x0000000021861800 JavaThread "jar transforms Thread 362" [_thread_blocked, id=22008, stack(0x000000002d8a0000,0x000000002d9a0000)]
  0x000000002185e800 JavaThread "jar transforms Thread 361" [_thread_blocked, id=3564, stack(0x000000002d7a0000,0x000000002d8a0000)]
  0x0000000021856000 JavaThread "jar transforms Thread 360" [_thread_blocked, id=23856, stack(0x000000002d6a0000,0x000000002d7a0000)]
  0x0000000021857000 JavaThread "jar transforms Thread 359" [_thread_blocked, id=20588, stack(0x000000002d5a0000,0x000000002d6a0000)]
  0x000000002185c000 JavaThread "jar transforms Thread 358" [_thread_blocked, id=26692, stack(0x000000002d4a0000,0x000000002d5a0000)]
  0x000000002185d000 JavaThread "jar transforms Thread 357" [_thread_blocked, id=30260, stack(0x000000002d3a0000,0x000000002d4a0000)]
  0x0000000021855800 JavaThread "jar transforms Thread 356" [_thread_blocked, id=20968, stack(0x000000002d2a0000,0x000000002d3a0000)]
  0x000000002185b800 JavaThread "jar transforms Thread 355" [_thread_blocked, id=21972, stack(0x000000002d1a0000,0x000000002d2a0000)]
  0x0000000021854000 JavaThread "jar transforms Thread 354" [_thread_blocked, id=16448, stack(0x000000002d0a0000,0x000000002d1a0000)]
  0x000000002185a800 JavaThread "jar transforms Thread 353" [_thread_blocked, id=19692, stack(0x000000002cfa0000,0x000000002d0a0000)]
  0x0000000021857800 JavaThread "jar transforms Thread 352" [_thread_blocked, id=10636, stack(0x000000002cea0000,0x000000002cfa0000)]
  0x0000000021858800 JavaThread "jar transforms Thread 351" [_thread_blocked, id=22096, stack(0x000000002cda0000,0x000000002cea0000)]
  0x000000002185a000 JavaThread "jar transforms Thread 350" [_thread_blocked, id=10688, stack(0x000000002cca0000,0x000000002cda0000)]
  0x0000000021854800 JavaThread "jar transforms Thread 349" [_thread_blocked, id=9308, stack(0x000000002cba0000,0x000000002cca0000)]
  0x0000000021859000 JavaThread "jar transforms Thread 348" [_thread_blocked, id=20940, stack(0x000000002caa0000,0x000000002cba0000)]
  0x00000000336dc800 JavaThread "jar transforms Thread 347" [_thread_blocked, id=10628, stack(0x000000002c9a0000,0x000000002caa0000)]
  0x00000000336db800 JavaThread "jar transforms Thread 346" [_thread_blocked, id=26996, stack(0x000000002c8a0000,0x000000002c9a0000)]
  0x00000000336d4000 JavaThread "jar transforms Thread 345" [_thread_blocked, id=10396, stack(0x000000002c7a0000,0x000000002c8a0000)]
  0x00000000336db000 JavaThread "jar transforms Thread 344" [_thread_blocked, id=25440, stack(0x000000002c6a0000,0x000000002c7a0000)]
  0x00000000336d3800 JavaThread "jar transforms Thread 343" [_thread_blocked, id=10664, stack(0x000000002c5a0000,0x000000002c6a0000)]
  0x00000000336da000 JavaThread "jar transforms Thread 342" [_thread_blocked, id=23920, stack(0x000000002c4a0000,0x000000002c5a0000)]
  0x00000000336d2800 JavaThread "jar transforms Thread 341" [_thread_blocked, id=25920, stack(0x000000002c3a0000,0x000000002c4a0000)]
  0x00000000336d9800 JavaThread "jar transforms Thread 340" [_thread_blocked, id=30196, stack(0x000000002c2a0000,0x000000002c3a0000)]
  0x00000000336d1800 JavaThread "jar transforms Thread 339" [_thread_blocked, id=1804, stack(0x000000002c1a0000,0x000000002c2a0000)]
  0x00000000336d8800 JavaThread "jar transforms Thread 338" [_thread_blocked, id=17192, stack(0x000000002c0a0000,0x000000002c1a0000)]
  0x00000000336d1000 JavaThread "jar transforms Thread 337" [_thread_blocked, id=18588, stack(0x000000002bfa0000,0x000000002c0a0000)]
  0x00000000336d5800 JavaThread "jar transforms Thread 336" [_thread_blocked, id=16372, stack(0x000000002bea0000,0x000000002bfa0000)]
  0x00000000336d8000 JavaThread "jar transforms Thread 335" [_thread_blocked, id=5956, stack(0x000000002bda0000,0x000000002bea0000)]
  0x00000000336d0000 JavaThread "jar transforms Thread 334" [_thread_blocked, id=18904, stack(0x000000002bca0000,0x000000002bda0000)]
  0x00000000336cf800 JavaThread "jar transforms Thread 333" [_thread_blocked, id=8632, stack(0x000000002bba0000,0x000000002bca0000)]
  0x00000000336c8000 JavaThread "jar transforms Thread 332" [_thread_blocked, id=5328, stack(0x000000002baa0000,0x000000002bba0000)]
  0x00000000336ce800 JavaThread "jar transforms Thread 331" [_thread_blocked, id=6660, stack(0x000000002a9a0000,0x000000002aaa0000)]
  0x00000000336c7000 JavaThread "jar transforms Thread 330" [_thread_blocked, id=20748, stack(0x000000002a8a0000,0x000000002a9a0000)]
  0x00000000336ce000 JavaThread "jar transforms Thread 329" [_thread_blocked, id=29080, stack(0x000000002a7a0000,0x000000002a8a0000)]
  0x00000000336cd000 JavaThread "jar transforms Thread 328" [_thread_blocked, id=21156, stack(0x0000000028eb0000,0x0000000028fb0000)]
  0x00000000336c5800 JavaThread "jar transforms Thread 327" [_thread_blocked, id=23828, stack(0x00000000285b0000,0x00000000286b0000)]
  0x00000000336c9800 JavaThread "jar transforms Thread 326" [_thread_blocked, id=27324, stack(0x00000000284b0000,0x00000000285b0000)]
  0x00000000336cc800 JavaThread "jar transforms Thread 325" [_thread_blocked, id=10808, stack(0x00000000283b0000,0x00000000284b0000)]
  0x00000000336c8800 JavaThread "jar transforms Thread 324" [_thread_blocked, id=1232, stack(0x0000000027eb0000,0x0000000027fb0000)]
  0x00000000336ca000 JavaThread "jar transforms Thread 323" [_thread_blocked, id=10696, stack(0x0000000027db0000,0x0000000027eb0000)]
  0x00000000336cb000 JavaThread "jar transforms Thread 322" [_thread_blocked, id=2780, stack(0x0000000027cb0000,0x0000000027db0000)]
  0x00000000336c6800 JavaThread "jar transforms Thread 321" [_thread_blocked, id=10668, stack(0x0000000027bb0000,0x0000000027cb0000)]
  0x00000000336cb800 JavaThread "jar transforms Thread 320" [_thread_blocked, id=28984, stack(0x0000000027ab0000,0x0000000027bb0000)]
  0x00000000336bd800 JavaThread "jar transforms Thread 319" [_thread_blocked, id=29576, stack(0x00000000279b0000,0x0000000027ab0000)]
  0x000000002187d000 JavaThread "Daemon worker Thread 4" [_thread_blocked, id=14628, stack(0x00000000238c0000,0x00000000239c0000)]
  0x0000000021879000 JavaThread "Daemon Thread 4" [_thread_blocked, id=18892, stack(0x0000000001280000,0x0000000001380000)]
  0x000000003777c000 JavaThread "Cache worker for Java compile cache (C:\Users\çŽ‹æœé˜³\.gradle\caches\6.5.1\javaCompile)" [_thread_blocked, id=28492, stack(0x000000003a6b0000,0x000000003a7b0000)]
  0x0000000021874000 JavaThread "Memory manager" [_thread_blocked, id=25888, stack(0x0000000032910000,0x0000000032a10000)]
  0x0000000022e49800 JavaThread "Cache worker for file content cache (C:\Users\çŽ‹æœé˜³\.gradle\caches\6.5.1\fileContent)" [_thread_blocked, id=23136, stack(0x0000000028db0000,0x0000000028eb0000)]
  0x0000000022e4d000 JavaThread "Cache worker for execution history cache (C:\Users\çŽ‹æœé˜³\.gradle\caches\6.5.1\executionHistory)" [_thread_blocked, id=29228, stack(0x00000000288b0000,0x00000000289b0000)]
  0x0000000022b7a000 JavaThread "Cache worker for file hash cache (C:\Users\çŽ‹æœé˜³\.gradle\caches\6.5.1\fileHashes)" [_thread_blocked, id=23928, stack(0x0000000024ca0000,0x0000000024da0000)]
  0x0000000022b77000 JavaThread "File lock request listener" [_thread_in_native, id=20028, stack(0x0000000024a70000,0x0000000024b70000)]
  0x0000000022b75800 JavaThread "Cache worker for journal cache (C:\Users\çŽ‹æœé˜³\.gradle\caches\journal-1)" [_thread_blocked, id=19064, stack(0x0000000024970000,0x0000000024a70000)]
  0x0000000022807800 JavaThread "Daemon periodic checks" [_thread_blocked, id=18660, stack(0x0000000023c70000,0x0000000023d70000)]
  0x00000000227bd000 JavaThread "Incoming local TCP Connector on port 54349" [_thread_in_native, id=30152, stack(0x0000000023ac0000,0x0000000023bc0000)]
  0x0000000022738800 JavaThread "Daemon health stats" [_thread_blocked, id=24072, stack(0x00000000237c0000,0x00000000238c0000)]
  0x00000000201f6800 JavaThread "Service Thread" daemon [_thread_blocked, id=28284, stack(0x0000000020c20000,0x0000000020d20000)]
  0x000000002015f000 JavaThread "C1 CompilerThread3" daemon [_thread_blocked, id=2708, stack(0x0000000020b20000,0x0000000020c20000)]
  0x0000000020158000 JavaThread "C2 CompilerThread2" daemon [_thread_in_native, id=20520, stack(0x0000000020a20000,0x0000000020b20000)]
  0x0000000020154000 JavaThread "C2 CompilerThread1" daemon [_thread_in_native, id=8692, stack(0x0000000020920000,0x0000000020a20000)]
=>0x0000000020151000 JavaThread "C2 CompilerThread0" daemon [_thread_in_native, id=18224, stack(0x0000000020820000,0x0000000020920000)]
  0x00000000200f8000 JavaThread "Attach Listener" daemon [_thread_blocked, id=10452, stack(0x0000000020720000,0x0000000020820000)]
  0x0000000020150000 JavaThread "Signal Dispatcher" daemon [_thread_blocked, id=15116, stack(0x0000000020620000,0x0000000020720000)]
  0x00000000200e0800 JavaThread "Finalizer" daemon [_thread_blocked, id=3816, stack(0x00000000204c0000,0x00000000205c0000)]
  0x0000000003429800 JavaThread "Reference Handler" daemon [_thread_blocked, id=29148, stack(0x000000001ffc0000,0x00000000200c0000)]
  0x000000000332e000 JavaThread "main" [_thread_blocked, id=19232, stack(0x00000000031e0000,0x00000000032e0000)]

Other Threads:
  0x000000001e1e9000 VMThread [stack: 0x000000001fec0000,0x000000001ffc0000] [id=22536]
  0x00000000201f9000 WatcherThread [stack: 0x0000000020d20000,0x0000000020e20000] [id=18372]

VM state:not at safepoint (normal execution)

VM Mutex/Monitor currently owned by a thread: None

Heap:
 PSYoungGen      total 1186304K, used 16033K [0x0000000760000000, 0x00000007b7580000, 0x00000007c0000000)
  eden space 1017344K, 1% used [0x0000000760000000,0x0000000760fa8510,0x000000079e180000)
  from space 168960K, 0% used [0x000000079e180000,0x000000079e180000,0x00000007a8680000)
  to   space 162304K, 0% used [0x00000007a8680000,0x00000007a8680000,0x00000007b2500000)
 ParOldGen       total 325120K, used 170944K [0x00000006a0000000, 0x00000006b3d80000, 0x0000000760000000)
  object space 325120K, 52% used [0x00000006a0000000,0x00000006aa6f00c0,0x00000006b3d80000)
 Metaspace       used 124676K, capacity 133750K, committed 136704K, reserved 1167360K
  class space    used 15924K, capacity 17534K, committed 18176K, reserved 1048576K

Card table byte_map: [0x00000000127f0000,0x0000000013100000] byte_map_base: 0x000000000f2f0000

Marking Bits: (ParMarkBitMap*) 0x000000005f77f860
 Begin Bits: [0x0000000013f00000, 0x0000000018700000)
 End Bits:   [0x0000000018700000, 0x000000001cf00000)

Polling page: 0x0000000001660000

CodeCache: size=245760Kb used=105185Kb max_used=105836Kb free=140574Kb
 bounds [0x0000000003430000, 0x0000000009ca0000, 0x0000000012430000]
 total_blobs=29058 nmethods=28084 adapters=883
 compilation: enabled

Compilation events (10 events):
Event: 4658.412 Thread 0x0000000020154000 nmethod 35896% 0x00000000057c7290 code [0x00000000057c76c0, 0x00000000057ca678]
Event: 4658.412 Thread 0x0000000020154000 35908 %     4       com.android.tools.r8.ir.code.IRCode::b @ 49 (133 bytes)
Event: 4658.757 Thread 0x000000002015f000 37472       2       com.android.tools.r8.ArchiveClassFileProvider::finalize (9 bytes)
Event: 4658.757 Thread 0x000000002015f000 nmethod 37472 0x00000000097b9490 code [0x00000000097b9600, 0x00000000097b9788]
Event: 4658.758 Thread 0x0000000020154000 nmethod 35908% 0x0000000008ec6e50 code [0x0000000008ec6fe0, 0x0000000008ec74a8]
Event: 4658.758 Thread 0x0000000020154000 35899 %     4       com.android.tools.r8.ir.optimize.CodeRewriter::f @ 30 (1556 bytes)
Event: 4658.762 Thread 0x0000000020158000 nmethod 35969% 0x00000000091b8ed0 code [0x00000000091b9660, 0x00000000091c00c0]
Event: 4658.763 Thread 0x0000000020158000 35916 %     4       com.android.tools.r8.ir.regalloc.LinearScanRegisterAllocator::f @ 333 (605 bytes)
Event: 4658.897 Thread 0x000000002015f000 37473       2       com.google.common.hash.ChecksumHashFunction$ChecksumHasher::update (13 bytes)
Event: 4658.898 Thread 0x000000002015f000 nmethod 37473 0x00000000091b8b10 code [0x00000000091b8c80, 0x00000000091b8e08]

GC Heap History (10 events):
Event: 4653.759 GC heap before
{Heap before GC invocations=33 (full 5):
 PSYoungGen      total 1186304K, used 1035664K [0x0000000760000000, 0x00000007b7580000, 0x00000007c0000000)
  eden space 1017344K, 100% used [0x0000000760000000,0x000000079e180000,0x000000079e180000)
  from space 168960K, 10% used [0x000000079e180000,0x000000079f364210,0x00000007a8680000)
  to   space 162304K, 0% used [0x00000007a8680000,0x00000007a8680000,0x00000007b2500000)
 ParOldGen       total 325120K, used 214292K [0x00000006a0000000, 0x00000006b3d80000, 0x0000000760000000)
  object space 325120K, 65% used [0x00000006a0000000,0x00000006ad1453a0,0x00000006b3d80000)
 Metaspace       used 124543K, capacity 133530K, committed 136704K, reserved 1167360K
  class space    used 15923K, capacity 17534K, committed 18176K, reserved 1048576K
Event: 4653.783 GC heap after
Heap after GC invocations=33 (full 5):
 PSYoungGen      total 1179648K, used 37462K [0x0000000760000000, 0x00000007b7580000, 0x00000007c0000000)
  eden space 1017344K, 0% used [0x0000000760000000,0x0000000760000000,0x000000079e180000)
  from space 162304K, 23% used [0x00000007a8680000,0x00000007aab15b18,0x00000007b2500000)
  to   space 168960K, 0% used [0x000000079e180000,0x000000079e180000,0x00000007a8680000)
 ParOldGen       total 325120K, used 214292K [0x00000006a0000000, 0x00000006b3d80000, 0x0000000760000000)
  object space 325120K, 65% used [0x00000006a0000000,0x00000006ad1453a0,0x00000006b3d80000)
 Metaspace       used 124543K, capacity 133530K, committed 136704K, reserved 1167360K
  class space    used 15923K, capacity 17534K, committed 18176K, reserved 1048576K
}
Event: 4654.653 GC heap before
{Heap before GC invocations=34 (full 5):
 PSYoungGen      total 1179648K, used 1054806K [0x0000000760000000, 0x00000007b7580000, 0x00000007c0000000)
  eden space 1017344K, 100% used [0x0000000760000000,0x000000079e180000,0x000000079e180000)
  from space 162304K, 23% used [0x00000007a8680000,0x00000007aab15b18,0x00000007b2500000)
  to   space 168960K, 0% used [0x000000079e180000,0x000000079e180000,0x00000007a8680000)
 ParOldGen       total 325120K, used 214292K [0x00000006a0000000, 0x00000006b3d80000, 0x0000000760000000)
  object space 325120K, 65% used [0x00000006a0000000,0x00000006ad1453a0,0x00000006b3d80000)
 Metaspace       used 124560K, capacity 133530K, committed 136704K, reserved 1167360K
  class space    used 15923K, capacity 17534K, committed 18176K, reserved 1048576K
Event: 4654.683 GC heap after
Heap after GC invocations=34 (full 5):
 PSYoungGen      total 1186304K, used 56137K [0x0000000760000000, 0x00000007b7580000, 0x00000007c0000000)
  eden space 1017344K, 0% used [0x0000000760000000,0x0000000760000000,0x000000079e180000)
  from space 168960K, 33% used [0x000000079e180000,0x00000007a1852560,0x00000007a8680000)
  to   space 162304K, 0% used [0x00000007a8680000,0x00000007a8680000,0x00000007b2500000)
 ParOldGen       total 325120K, used 214292K [0x00000006a0000000, 0x00000006b3d80000, 0x0000000760000000)
  object space 325120K, 65% used [0x00000006a0000000,0x00000006ad1453a0,0x00000006b3d80000)
 Metaspace       used 124560K, capacity 133530K, committed 136704K, reserved 1167360K
  class space    used 15923K, capacity 17534K, committed 18176K, reserved 1048576K
}
Event: 4655.776 GC heap before
{Heap before GC invocations=35 (full 5):
 PSYoungGen      total 1186304K, used 1073481K [0x0000000760000000, 0x00000007b7580000, 0x00000007c0000000)
  eden space 1017344K, 100% used [0x0000000760000000,0x000000079e180000,0x000000079e180000)
  from space 168960K, 33% used [0x000000079e180000,0x00000007a1852560,0x00000007a8680000)
  to   space 162304K, 0% used [0x00000007a8680000,0x00000007a8680000,0x00000007b2500000)
 ParOldGen       total 325120K, used 214292K [0x00000006a0000000, 0x00000006b3d80000, 0x0000000760000000)
  object space 325120K, 65% used [0x00000006a0000000,0x00000006ad1453a0,0x00000006b3d80000)
 Metaspace       used 124569K, capacity 133598K, committed 136704K, reserved 1167360K
  class space    used 15923K, capacity 17534K, committed 18176K, reserved 1048576K
Event: 4655.839 GC heap after
Heap after GC invocations=35 (full 5):
 PSYoungGen      total 1179648K, used 43122K [0x0000000760000000, 0x00000007b7580000, 0x00000007c0000000)
  eden space 1017344K, 0% used [0x0000000760000000,0x0000000760000000,0x000000079e180000)
  from space 162304K, 26% used [0x00000007a8680000,0x00000007ab09ca30,0x00000007b2500000)
  to   space 168960K, 0% used [0x000000079e180000,0x000000079e180000,0x00000007a8680000)
 ParOldGen       total 325120K, used 246012K [0x00000006a0000000, 0x00000006b3d80000, 0x0000000760000000)
  object space 325120K, 75% used [0x00000006a0000000,0x00000006af03f350,0x00000006b3d80000)
 Metaspace       used 124569K, capacity 133598K, committed 136704K, reserved 1167360K
  class space    used 15923K, capacity 17534K, committed 18176K, reserved 1048576K
}
Event: 4658.416 GC heap before
{Heap before GC invocations=36 (full 5):
 PSYoungGen      total 1179648K, used 1060466K [0x0000000760000000, 0x00000007b7580000, 0x00000007c0000000)
  eden space 1017344K, 100% used [0x0000000760000000,0x000000079e180000,0x000000079e180000)
  from space 162304K, 26% used [0x00000007a8680000,0x00000007ab09ca30,0x00000007b2500000)
  to   space 168960K, 0% used [0x000000079e180000,0x000000079e180000,0x00000007a8680000)
 ParOldGen       total 325120K, used 246012K [0x00000006a0000000, 0x00000006b3d80000, 0x0000000760000000)
  object space 325120K, 75% used [0x00000006a0000000,0x00000006af03f350,0x00000006b3d80000)
 Metaspace       used 124676K, capacity 133750K, committed 136704K, reserved 1167360K
  class space    used 15924K, capacity 17534K, committed 18176K, reserved 1048576K
Event: 4658.455 GC heap after
Heap after GC invocations=36 (full 5):
 PSYoungGen      total 1186304K, used 23791K [0x0000000760000000, 0x00000007b7580000, 0x00000007c0000000)
  eden space 1017344K, 0% used [0x0000000760000000,0x0000000760000000,0x000000079e180000)
  from space 168960K, 14% used [0x000000079e180000,0x000000079f8bbc50,0x00000007a8680000)
  to   space 162304K, 0% used [0x00000007a8680000,0x00000007a8680000,0x00000007b2500000)
 ParOldGen       total 325120K, used 280892K [0x00000006a0000000, 0x00000006b3d80000, 0x0000000760000000)
  object space 325120K, 86% used [0x00000006a0000000,0x00000006b124f088,0x00000006b3d80000)
 Metaspace       used 124676K, capacity 133750K, committed 136704K, reserved 1167360K
  class space    used 15924K, capacity 17534K, committed 18176K, reserved 1048576K
}
Event: 4658.455 GC heap before
{Heap before GC invocations=37 (full 6):
 PSYoungGen      total 1186304K, used 23791K [0x0000000760000000, 0x00000007b7580000, 0x00000007c0000000)
  eden space 1017344K, 0% used [0x0000000760000000,0x0000000760000000,0x000000079e180000)
  from space 168960K, 14% used [0x000000079e180000,0x000000079f8bbc50,0x00000007a8680000)
  to   space 162304K, 0% used [0x00000007a8680000,0x00000007a8680000,0x00000007b2500000)
 ParOldGen       total 325120K, used 280892K [0x00000006a0000000, 0x00000006b3d80000, 0x0000000760000000)
  object space 325120K, 86% used [0x00000006a0000000,0x00000006b124f088,0x00000006b3d80000)
 Metaspace       used 124676K, capacity 133750K, committed 136704K, reserved 1167360K
  class space    used 15924K, capacity 17534K, committed 18176K, reserved 1048576K
Event: 4658.755 GC heap after
Heap after GC invocations=37 (full 6):
 PSYoungGen      total 1186304K, used 0K [0x0000000760000000, 0x00000007b7580000, 0x00000007c0000000)
  eden space 1017344K, 0% used [0x0000000760000000,0x0000000760000000,0x000000079e180000)
  from space 168960K, 0% used [0x000000079e180000,0x000000079e180000,0x00000007a8680000)
  to   space 162304K, 0% used [0x00000007a8680000,0x00000007a8680000,0x00000007b2500000)
 ParOldGen       total 325120K, used 170944K [0x00000006a0000000, 0x00000006b3d80000, 0x0000000760000000)
  object space 325120K, 52% used [0x00000006a0000000,0x00000006aa6f00c0,0x00000006b3d80000)
 Metaspace       used 124676K, capacity 133750K, committed 136704K, reserved 1167360K
  class space    used 15924K, capacity 17534K, committed 18176K, reserved 1048576K
}

Deoptimization events (10 events):
Event: 4656.327 Thread 0x0000000021730800 Uncommon trap: reason=array_check action=maybe_recompile pc=0x0000000008d6f6bc method=com.android.tools.r8.m.a.a.b.d0.a([Ljava/lang/Object;I)I @ 27
Event: 4656.327 Thread 0x0000000021730800 Uncommon trap: reason=array_check action=maybe_recompile pc=0x0000000008d6f6bc method=com.android.tools.r8.m.a.a.b.d0.a([Ljava/lang/Object;I)I @ 27
Event: 4656.666 Thread 0x0000000021730800 Uncommon trap: reason=unstable_if action=reinterpret pc=0x0000000007bf6de0 method=java.util.concurrent.ConcurrentHashMap$Traverser.advance()Ljava/util/concurrent/ConcurrentHashMap$Node; @ 84
Event: 4656.666 Thread 0x0000000021730800 Uncommon trap: reason=unstable_if action=reinterpret pc=0x000000000825807c method=java.util.concurrent.ConcurrentHashMap$Traverser.advance()Ljava/util/concurrent/ConcurrentHashMap$Node; @ 84
Event: 4656.706 Thread 0x0000000021730800 Uncommon trap: reason=unstable_if action=reinterpret pc=0x00000000040922e4 method=java.util.HashMap.getNode(ILjava/lang/Object;)Ljava/util/HashMap$Node; @ 84
Event: 4656.977 Thread 0x000000002187d000 Uncommon trap: reason=class_check action=maybe_recompile pc=0x000000000482d098 method=java.util.concurrent.ConcurrentHashMap.replaceNode(Ljava/lang/Object;Ljava/lang/Object;Ljava/lang/Object;)Ljava/lang/Object; @ 147
Event: 4656.999 Thread 0x000000002187d000 Uncommon trap: reason=bimorphic action=maybe_recompile pc=0x0000000003fe9254 method=kotlin.collections.CollectionsKt___CollectionsKt.single(Ljava/util/List;)Ljava/lang/Object; @ 8
Event: 4657.024 Thread 0x000000002187d000 Uncommon trap: reason=speculate_class_check action=maybe_recompile pc=0x0000000008136668 method=java.nio.charset.CharsetDecoder.decode(Ljava/nio/ByteBuffer;Ljava/nio/CharBuffer;Z)Ljava/nio/charset/CoderResult; @ 57
Event: 4657.024 Thread 0x000000002187d000 Uncommon trap: reason=speculate_class_check action=maybe_recompile pc=0x0000000008136668 method=java.nio.charset.CharsetDecoder.decode(Ljava/nio/ByteBuffer;Ljava/nio/CharBuffer;Z)Ljava/nio/charset/CoderResult; @ 57
Event: 4657.208 Thread 0x00000000257d3800 Uncommon trap: reason=class_check action=maybe_recompile pc=0x0000000005cd2238 method=com.google.common.collect.ImmutableSet.copyOf(Ljava/util/Collection;)Lcom/google/common/collect/ImmutableSet; @ 15

Classes redefined (0 events):
No events

Internal exceptions (10 events):
Event: 4652.893 Thread 0x00000000374eb000 Exception <a 'sun/nio/fs/WindowsException'> (0x000000076668a4d0) thrown at [C:\re\workspace\8-2-build-windows-amd64-cygwin\jdk8u161\10277\hotspot\src\share\vm\prims\jni.cpp, line 709]
Event: 4652.894 Thread 0x00000000374eb000 Exception <a 'sun/nio/fs/WindowsException'> (0x000000076668b058) thrown at [C:\re\workspace\8-2-build-windows-amd64-cygwin\jdk8u161\10277\hotspot\src\share\vm\prims\jni.cpp, line 709]
Event: 4652.910 Thread 0x00000000336be000 Exception <a 'sun/nio/fs/WindowsException'> (0x000000076517f438) thrown at [C:\re\workspace\8-2-build-windows-amd64-cygwin\jdk8u161\10277\hotspot\src\share\vm\prims\jni.cpp, line 709]
Event: 4652.911 Thread 0x00000000336be000 Exception <a 'sun/nio/fs/WindowsException'> (0x000000076517ff78) thrown at [C:\re\workspace\8-2-build-windows-amd64-cygwin\jdk8u161\10277\hotspot\src\share\vm\prims\jni.cpp, line 709]
Event: 4652.928 Thread 0x00000000336be000 Exception <a 'sun/nio/fs/WindowsException'> (0x000000076518aa10) thrown at [C:\re\workspace\8-2-build-windows-amd64-cygwin\jdk8u161\10277\hotspot\src\share\vm\prims\jni.cpp, line 709]
Event: 4652.929 Thread 0x00000000336be000 Exception <a 'sun/nio/fs/WindowsException'> (0x000000076518b5b0) thrown at [C:\re\workspace\8-2-build-windows-amd64-cygwin\jdk8u161\10277\hotspot\src\share\vm\prims\jni.cpp, line 709]
Event: 4652.945 Thread 0x00000000374eb000 Exception <a 'sun/nio/fs/WindowsException'> (0x0000000766695ac0) thrown at [C:\re\workspace\8-2-build-windows-amd64-cygwin\jdk8u161\10277\hotspot\src\share\vm\prims\jni.cpp, line 709]
Event: 4652.945 Thread 0x00000000374eb000 Exception <a 'sun/nio/fs/WindowsException'> (0x0000000766696648) thrown at [C:\re\workspace\8-2-build-windows-amd64-cygwin\jdk8u161\10277\hotspot\src\share\vm\prims\jni.cpp, line 709]
Event: 4652.961 Thread 0x00000000257d3800 Exception <a 'sun/nio/fs/WindowsException'> (0x0000000763849b00) thrown at [C:\re\workspace\8-2-build-windows-amd64-cygwin\jdk8u161\10277\hotspot\src\share\vm\prims\jni.cpp, line 709]
Event: 4652.961 Thread 0x00000000257d3800 Exception <a 'sun/nio/fs/WindowsException'> (0x000000076384a658) thrown at [C:\re\workspace\8-2-build-windows-amd64-cygwin\jdk8u161\10277\hotspot\src\share\vm\prims\jni.cpp, line 709]

Events (10 events):
Event: 4657.269 Thread 0x000000002015f000 flushing nmethod 0x0000000009178d90
Event: 4657.270 Thread 0x000000002015f000 flushing nmethod 0x00000000092165d0
Event: 4657.270 Thread 0x000000002015f000 flushing nmethod 0x000000000926c6d0
Event: 4657.271 Thread 0x000000002015f000 flushing nmethod 0x0000000009560dd0
Event: 4657.271 Thread 0x000000002015f000 flushing nmethod 0x00000000095e4f10
Event: 4657.272 Thread 0x000000002015f000 flushing nmethod 0x0000000009bd1a50
Event: 4657.371 Thread 0x00000000336c4000 DEOPT PACKING pc=0x0000000006e0e902 sp=0x000000003b47ded0
Event: 4657.371 Thread 0x00000000336c4000 DEOPT UNPACKING pc=0x0000000003477890 sp=0x000000003b47dd08 mode 0
Event: 4658.416 Executing VM operation: ParallelGCFailedAllocation
Event: 4658.755 Executing VM operation: ParallelGCFailedAllocation done


Dynamic libraries:
0x00007ff7cd4f0000 - 0x00007ff7cd527000 	E:\jdk\bin\java.exe
0x00007ffe39790000 - 0x00007ffe39985000 	C:\WINDOWS\SYSTEM32\ntdll.dll
0x00007ffe39690000 - 0x00007ffe3974d000 	C:\WINDOWS\System32\KERNEL32.DLL
0x00007ffe36f90000 - 0x00007ffe3725d000 	C:\WINDOWS\System32\KERNELBASE.dll
0x00007ffe39310000 - 0x00007ffe393be000 	C:\WINDOWS\System32\ADVAPI32.dll
0x00007ffe384c0000 - 0x00007ffe3855e000 	C:\WINDOWS\System32\msvcrt.dll
0x00007ffe377e0000 - 0x00007ffe3787c000 	C:\WINDOWS\System32\sechost.dll
0x00007ffe38390000 - 0x00007ffe384b5000 	C:\WINDOWS\System32\RPCRT4.dll
0x00007ffe394f0000 - 0x00007ffe39690000 	C:\WINDOWS\System32\USER32.dll
0x00007ffe36f60000 - 0x00007ffe36f82000 	C:\WINDOWS\System32\win32u.dll
0x00007ffe37880000 - 0x00007ffe378aa000 	C:\WINDOWS\System32\GDI32.dll
0x00007ffe37560000 - 0x00007ffe3766b000 	C:\WINDOWS\System32\gdi32full.dll
0x00007ffe37360000 - 0x00007ffe373fd000 	C:\WINDOWS\System32\msvcp_win.dll
0x00007ffe376e0000 - 0x00007ffe377e0000 	C:\WINDOWS\System32\ucrtbase.dll
0x00007ffe1dc20000 - 0x00007ffe1deba000 	C:\WINDOWS\WinSxS\amd64_microsoft.windows.common-controls_6595b64144ccf1df_6.0.19041.1110_none_60b5254171f9507e\COMCTL32.dll
0x00007ffe378b0000 - 0x00007ffe378e0000 	C:\WINDOWS\System32\IMM32.DLL
0x00000000605d0000 - 0x00000000606a2000 	E:\jdk\jre\bin\msvcr100.dll
0x000000005ef60000 - 0x000000005f7ff000 	E:\jdk\jre\bin\server\jvm.dll
0x00007ffe386a0000 - 0x00007ffe386a8000 	C:\WINDOWS\System32\PSAPI.DLL
0x00007ffe210f0000 - 0x00007ffe210f9000 	C:\WINDOWS\SYSTEM32\WSOCK32.dll
0x00007ffe259c0000 - 0x00007ffe259e7000 	C:\WINDOWS\SYSTEM32\WINMM.dll
0x00007ffe35680000 - 0x00007ffe3568a000 	C:\WINDOWS\SYSTEM32\VERSION.dll
0x00007ffe38b30000 - 0x00007ffe38b9b000 	C:\WINDOWS\System32\WS2_32.dll
0x00000000605c0000 - 0x00000000605cf000 	E:\jdk\jre\bin\verify.dll
0x0000000060590000 - 0x00000000605b9000 	E:\jdk\jre\bin\java.dll
0x0000000060570000 - 0x0000000060586000 	E:\jdk\jre\bin\zip.dll
0x00007ffe378e0000 - 0x00007ffe38024000 	C:\WINDOWS\System32\SHELL32.dll
0x00007ffe34e00000 - 0x00007ffe35594000 	C:\WINDOWS\SYSTEM32\windows.storage.dll
0x00007ffe38030000 - 0x00007ffe38384000 	C:\WINDOWS\System32\combase.dll
0x00007ffe36900000 - 0x00007ffe3692c000 	C:\WINDOWS\SYSTEM32\Wldp.dll
0x00007ffe39440000 - 0x00007ffe394ed000 	C:\WINDOWS\System32\SHCORE.dll
0x00007ffe38a70000 - 0x00007ffe38ac5000 	C:\WINDOWS\System32\shlwapi.dll
0x00007ffe36de0000 - 0x00007ffe36dff000 	C:\WINDOWS\SYSTEM32\profapi.dll
0x0000000060550000 - 0x000000006056a000 	E:\jdk\jre\bin\net.dll
0x00007ffe36660000 - 0x00007ffe366ca000 	C:\WINDOWS\system32\mswsock.dll
0x0000000060530000 - 0x0000000060541000 	E:\jdk\jre\bin\nio.dll
0x00007ffe14c00000 - 0x00007ffe14c27000 	C:\Users\Íõ³¯Ñô\.gradle\native\f6784746aeab05261644944871eae4fe03e0ef1612fff0a4a95f87b438bc6780\windows-amd64\native-platform.dll
0x0000000060520000 - 0x000000006052d000 	E:\jdk\jre\bin\management.dll
0x00007ffe36860000 - 0x00007ffe36878000 	C:\WINDOWS\SYSTEM32\CRYPTSP.dll
0x00007ffe35f70000 - 0x00007ffe35fa4000 	C:\WINDOWS\system32\rsaenh.dll
0x00007ffe36f30000 - 0x00007ffe36f57000 	C:\WINDOWS\System32\bcrypt.dll
0x00007ffe36da0000 - 0x00007ffe36dce000 	C:\WINDOWS\SYSTEM32\USERENV.dll
0x00007ffe36ea0000 - 0x00007ffe36f22000 	C:\WINDOWS\System32\bcryptprimitives.dll
0x00007ffe36850000 - 0x00007ffe3685c000 	C:\WINDOWS\SYSTEM32\CRYPTBASE.dll
0x00007ffe36300000 - 0x00007ffe3633b000 	C:\WINDOWS\SYSTEM32\IPHLPAPI.DLL
0x00007ffe38690000 - 0x00007ffe38698000 	C:\WINDOWS\System32\NSI.dll
0x00007ffe31950000 - 0x00007ffe31967000 	C:\WINDOWS\SYSTEM32\dhcpcsvc6.DLL
0x00007ffe31930000 - 0x00007ffe3194d000 	C:\WINDOWS\SYSTEM32\dhcpcsvc.DLL
0x00007ffe36340000 - 0x00007ffe3640b000 	C:\WINDOWS\SYSTEM32\DNSAPI.dll
0x00007ffe31aa0000 - 0x00007ffe31aab000 	C:\WINDOWS\SYSTEM32\WINNSI.DLL
0x00000000604b0000 - 0x00000000604d4000 	E:\jdk\jre\bin\sunec.dll
0x00007ffe30730000 - 0x00007ffe3073a000 	C:\Windows\System32\rasadhlp.dll
0x00007ffe2f940000 - 0x00007ffe2f9c0000 	C:\WINDOWS\System32\fwpuclnt.dll
0x000000005ef50000 - 0x000000005ef5b000 	E:\jdk\jre\bin\sunmscapi.dll
0x00007ffe37400000 - 0x00007ffe37556000 	C:\WINDOWS\System32\CRYPT32.dll
0x00007ffe35ba0000 - 0x00007ffe35bd3000 	C:\WINDOWS\SYSTEM32\ntmarta.dll
0x00007ffe34450000 - 0x00007ffe344e0000 	C:\WINDOWS\system32\apphelp.dll
0x00007ffe355d0000 - 0x00007ffe355ee000 	C:\Users\Íõ³¯Ñô\AppData\Local\Temp\native-platform2684584700396719722dir\native-platform.dll

VM Arguments:
jvm_args: -Xmx4608M -Dfile.encoding=UTF-8 -Duser.country=CN -Duser.language=zh -Duser.variant 
java_command: org.gradle.launcher.daemon.bootstrap.GradleDaemon 6.5.1
java_class_path (initial): C:\Users\Íõ³¯Ñô\.gradle\wrapper\dists\gradle-6.5.1-all\cdund22i8guosqylfo49op4dv\gradle-6.5.1\lib\gradle-launcher-6.5.1.jar
Launcher Type: SUN_STANDARD

Environment Variables:
JAVA_HOME=E:\jdk
CLASSPATH=.;E:\jdk\lib\dt.jar;E:\jdk\lib\tools.jar;
PATH=C:\WINDOWS\system32%\SystemRoot%\C:\WINDOWS\System32\Wbem%\SYSTEMROOT%\System32\WindowsPowerShell\v1.0\C:\WINDOWS\System32\OpenSSH\;E:\sdk\android-sdk-windows\tools;E:\sdk\android-sdk-windows\platform-tools;;E:\jdk\bin;E:\jdk\jre\bin;E:\Flutter\flutter\bin;E:\sdk\android-sdk-windows;C:\Windows\System32\WindowsPowerShell\v1.0;C:\Users\Íõ³¯Ñô\AppData\Local\Microsoft\WindowsApps;C:\Users\Íõ³¯Ñô\AppData\Roaming\npm;C:\WINDOWS\system32;C:\Users\Íõ³¯Ñô\AppData\Local\GitHubDesktop\bin;E:\Bandizip\;E:\VSCode\Microsoft VS Code\bin;C:\Users\Íõ³¯Ñô\.dotnet\tools;C:\Users\Íõ³¯Ñô\AppData\Local\Microsoft\WindowsApps;
USERNAME=Aipuer
OS=Windows_NT
PROCESSOR_IDENTIFIER=Intel64 Family 6 Model 158 Stepping 9, GenuineIntel



---------------  S Y S T E M  ---------------

OS: Windows 10.0 , 64 bit Build 19041 (10.0.19041.1706)

CPU:total 8 (initial active 8) (4 cores per cpu, 2 threads per core) family 6 model 158 stepping 9, cmov, cx8, fxsr, mmx, sse, sse2, sse3, ssse3, sse4.1, sse4.2, popcnt, avx, avx2, aes, clmul, erms, rtm, 3dnowpref, lzcnt, ht, tsc, tscinvbit, bmi1, bmi2, adx

Memory: 4k page, physical 16647560k(1900460k free), swap 31230092k(5504k free)

vm_info: Java HotSpot(TM) 64-Bit Server VM (25.161-b12) for windows-amd64 JRE (1.8.0_161-b12), built on Dec 19 2017 17:52:25 by "java_re" with MS VC++ 10.0 (VS2010)

time: Sat May 21 15:42:45 2022
elapsed time: 4658 seconds (0d 1h 17m 38s)

